{"name": "Прием заказа без id заказа", "status": "failed", "statusDetails": {"message": "AssertionError: assert (404 == 404 and 'Not Found.' == 'Недостаточно...ых для поиска'\n +  where 404 = <Response [404]>.status_code\n  \n  - Недостаточно данных для поиска\n  + Not Found.)", "trace": "self = <test_create_order.TestAcceptOrder object at 0x00000201BD3EAB10>, delete_user = (<Response [201]>, ['hlbukdpuoz', 'ouwjatmexi', 'qqtpkefwml'])\n\n    @allure.description('Акцепт заказа при отправке данных без id заказа')\n    @allure.title('Прием заказа без id заказа')\n    def test_order_accept_no_order_id_fail(self, delete_user):\n        new_courier = {\"login\": delete_user[1][0],\n                           \"password\": delete_user[1][1]}\n        courier_signin = requests.post(TestAPICourierLinks.main_url + TestAPICourierLinks.login_url, data=new_courier)\n        courier_id = courier_signin.json()['id']\n    \n        new_track = create_new_order()\n        track_order = requests.get(TestAPIOrdersLinks.main_url + TestAPIOrdersLinks.track_order_url + str(new_track))\n        order_id = track_order.json()['order']['id']\n    \n        payload = {\"id\": order_id,\n                       \"courierId\": courier_id}\n        response = requests.put(TestAPIOrdersLinks.main_url + TestAPIOrdersLinks.accept_order_url + '?courierId=' + str(courier_id), data=payload)\n    \n>       assert response.status_code == 404 and response.json()['message'] == OrdersErrors.error_accept_order_no_order_number\nE       AssertionError: assert (404 == 404 and 'Not Found.' == 'Недостаточно...ых для поиска'\nE        +  where 404 = <Response [404]>.status_code\nE         \nE         - Недостаточно данных для поиска\nE         + Not Found.)\n\ntests\\test_create_order.py:99: AssertionError"}, "description": "Акцепт заказа при отправке данных без id заказа", "start": 1736846731649, "stop": 1736846733163, "uuid": "f4800811-be11-4b79-921e-838c5e0a9701", "historyId": "26f990f3f3c0298b154f7d4a048fa304", "testCaseId": "26f990f3f3c0298b154f7d4a048fa304", "fullName": "tests.test_create_order.TestAcceptOrder#test_order_accept_no_order_id_fail", "labels": [{"name": "parentSuite", "value": "tests"}, {"name": "suite", "value": "test_create_order"}, {"name": "subSuite", "value": "TestAcceptOrder"}, {"name": "host", "value": "LAPTOP-B6TT34TV"}, {"name": "thread", "value": "17268-MainThread"}, {"name": "framework", "value": "pytest"}, {"name": "language", "value": "cpython3"}, {"name": "package", "value": "tests.test_create_order"}]}